{"E:\\dronefinder\\DroneFinder\\src\\constants\\micConfig.ts": {"path":"E:\\dronefinder\\DroneFinder\\src\\constants\\micConfig.ts","statementMap":{"0":{"start":{"line":3,"column":13},"end":{"line":44,"column":2}},"1":{"start":{"line":47,"column":13},"end":{"line":53,"column":11}},"2":{"start":{"line":56,"column":13},"end":{"line":61,"column":11}}},"fnMap":{},"branchMap":{},"s":{"0":1,"1":1,"2":1},"f":{},"b":{}}
,"E:\\dronefinder\\DroneFinder\\src\\core\\audio\\FFTProcessor.ts": {"path":"E:\\dronefinder\\DroneFinder\\src\\core\\audio\\FFTProcessor.ts","statementMap":{"0":{"start":{"line":17,"column":4},"end":{"line":19,"column":5}},"1":{"start":{"line":18,"column":6},"end":{"line":18,"column":55}},"2":{"start":{"line":20,"column":4},"end":{"line":20,"column":27}},"3":{"start":{"line":21,"column":4},"end":{"line":21,"column":32}},"4":{"start":{"line":24,"column":4},"end":{"line":24,"column":52}},"5":{"start":{"line":25,"column":4},"end":{"line":25,"column":52}},"6":{"start":{"line":26,"column":4},"end":{"line":29,"column":5}},"7":{"start":{"line":26,"column":17},"end":{"line":26,"column":18}},"8":{"start":{"line":27,"column":6},"end":{"line":27,"column":63}},"9":{"start":{"line":28,"column":6},"end":{"line":28,"column":63}},"10":{"start":{"line":32,"column":4},"end":{"line":32,"column":52}},"11":{"start":{"line":33,"column":4},"end":{"line":35,"column":5}},"12":{"start":{"line":33,"column":17},"end":{"line":33,"column":18}},"13":{"start":{"line":34,"column":6},"end":{"line":34,"column":87}},"14":{"start":{"line":42,"column":21},"end":{"line":42,"column":52}},"15":{"start":{"line":43,"column":16},"end":{"line":43,"column":53}},"16":{"start":{"line":44,"column":4},"end":{"line":46,"column":5}},"17":{"start":{"line":44,"column":17},"end":{"line":44,"column":18}},"18":{"start":{"line":45,"column":6},"end":{"line":45,"column":55}},"19":{"start":{"line":47,"column":4},"end":{"line":47,"column":20}},"20":{"start":{"line":55,"column":21},"end":{"line":55,"column":45}},"21":{"start":{"line":56,"column":27},"end":{"line":56,"column":45}},"22":{"start":{"line":58,"column":23},"end":{"line":58,"column":58}},"23":{"start":{"line":59,"column":4},"end":{"line":61,"column":5}},"24":{"start":{"line":59,"column":17},"end":{"line":59,"column":18}},"25":{"start":{"line":60,"column":6},"end":{"line":60,"column":71}},"26":{"start":{"line":62,"column":4},"end":{"line":62,"column":22}},"27":{"start":{"line":69,"column":23},"end":{"line":69,"column":60}},"28":{"start":{"line":70,"column":18},"end":{"line":70,"column":53}},"29":{"start":{"line":71,"column":4},"end":{"line":73,"column":5}},"30":{"start":{"line":71,"column":17},"end":{"line":71,"column":18}},"31":{"start":{"line":72,"column":6},"end":{"line":72,"column":65}},"32":{"start":{"line":74,"column":4},"end":{"line":74,"column":17}},"33":{"start":{"line":82,"column":27},"end":{"line":82,"column":52}},"34":{"start":{"line":83,"column":56},"end":{"line":83,"column":58}},"35":{"start":{"line":85,"column":4},"end":{"line":94,"column":5}},"36":{"start":{"line":85,"column":17},"end":{"line":85,"column":18}},"37":{"start":{"line":86,"column":6},"end":{"line":93,"column":7}},"38":{"start":{"line":92,"column":8},"end":{"line":92,"column":69}},"39":{"start":{"line":96,"column":4},"end":{"line":96,"column":66}},"40":{"start":{"line":96,"column":32},"end":{"line":96,"column":45}},"41":{"start":{"line":103,"column":14},"end":{"line":103,"column":26}},"42":{"start":{"line":104,"column":17},"end":{"line":104,"column":36}},"43":{"start":{"line":105,"column":17},"end":{"line":105,"column":36}},"44":{"start":{"line":108,"column":4},"end":{"line":110,"column":5}},"45":{"start":{"line":108,"column":17},"end":{"line":108,"column":18}},"46":{"start":{"line":109,"column":6},"end":{"line":109,"column":57}},"47":{"start":{"line":113,"column":4},"end":{"line":129,"column":5}},"48":{"start":{"line":113,"column":20},"end":{"line":113,"column":21}},"49":{"start":{"line":114,"column":23},"end":{"line":114,"column":31}},"50":{"start":{"line":115,"column":24},"end":{"line":115,"column":32}},"51":{"start":{"line":117,"column":6},"end":{"line":128,"column":7}},"52":{"start":{"line":117,"column":19},"end":{"line":117,"column":20}},"53":{"start":{"line":118,"column":8},"end":{"line":127,"column":9}},"54":{"start":{"line":118,"column":21},"end":{"line":118,"column":22}},"55":{"start":{"line":119,"column":22},"end":{"line":119,"column":35}},"56":{"start":{"line":120,"column":24},"end":{"line":120,"column":113}},"57":{"start":{"line":121,"column":24},"end":{"line":121,"column":114}},"58":{"start":{"line":123,"column":10},"end":{"line":123,"column":55}},"59":{"start":{"line":124,"column":10},"end":{"line":124,"column":55}},"60":{"start":{"line":125,"column":10},"end":{"line":125,"column":31}},"61":{"start":{"line":126,"column":10},"end":{"line":126,"column":31}},"62":{"start":{"line":131,"column":4},"end":{"line":131,"column":26}},"63":{"start":{"line":135,"column":17},"end":{"line":135,"column":18}},"64":{"start":{"line":136,"column":4},"end":{"line":139,"column":5}},"65":{"start":{"line":136,"column":17},"end":{"line":136,"column":18}},"66":{"start":{"line":137,"column":6},"end":{"line":137,"column":39}},"67":{"start":{"line":138,"column":6},"end":{"line":138,"column":14}},"68":{"start":{"line":140,"column":4},"end":{"line":140,"column":18}},"69":{"start":{"line":144,"column":4},"end":{"line":144,"column":24}},"70":{"start":{"line":9,"column":0},"end":{"line":9,"column":13}}},"fnMap":{"0":{"name":"(anonymous_0)","decl":{"start":{"line":16,"column":2},"end":{"line":16,"column":14}},"loc":{"start":{"line":16,"column":36},"end":{"line":36,"column":3}}},"1":{"name":"(anonymous_1)","decl":{"start":{"line":41,"column":2},"end":{"line":41,"column":13}},"loc":{"start":{"line":41,"column":34},"end":{"line":48,"column":3}}},"2":{"name":"(anonymous_2)","decl":{"start":{"line":54,"column":2},"end":{"line":54,"column":26}},"loc":{"start":{"line":54,"column":47},"end":{"line":63,"column":3}}},"3":{"name":"(anonymous_3)","decl":{"start":{"line":68,"column":2},"end":{"line":68,"column":22}},"loc":{"start":{"line":68,"column":43},"end":{"line":75,"column":3}}},"4":{"name":"(anonymous_4)","decl":{"start":{"line":81,"column":2},"end":{"line":81,"column":11}},"loc":{"start":{"line":81,"column":78},"end":{"line":97,"column":3}}},"5":{"name":"(anonymous_5)","decl":{"start":{"line":96,"column":22},"end":{"line":96,"column":23}},"loc":{"start":{"line":96,"column":32},"end":{"line":96,"column":45}}},"6":{"name":"(anonymous_6)","decl":{"start":{"line":102,"column":10},"end":{"line":102,"column":13}},"loc":{"start":{"line":102,"column":33},"end":{"line":132,"column":3}}},"7":{"name":"(anonymous_7)","decl":{"start":{"line":134,"column":10},"end":{"line":134,"column":21}},"loc":{"start":{"line":134,"column":45},"end":{"line":141,"column":3}}},"8":{"name":"(anonymous_8)","decl":{"start":{"line":143,"column":2},"end":{"line":143,"column":6}},"loc":{"start":{"line":143,"column":10},"end":{"line":145,"column":3}}}},"branchMap":{"0":{"loc":{"start":{"line":16,"column":14},"end":{"line":16,"column":36}},"type":"default-arg","locations":[{"start":{"line":16,"column":32},"end":{"line":16,"column":36}}]},"1":{"loc":{"start":{"line":17,"column":4},"end":{"line":19,"column":5}},"type":"if","locations":[{"start":{"line":17,"column":4},"end":{"line":19,"column":5}},{"start":{},"end":{}}]},"2":{"loc":{"start":{"line":81,"column":58},"end":{"line":81,"column":78}},"type":"default-arg","locations":[{"start":{"line":81,"column":77},"end":{"line":81,"column":78}}]},"3":{"loc":{"start":{"line":86,"column":6},"end":{"line":93,"column":7}},"type":"if","locations":[{"start":{"line":86,"column":6},"end":{"line":93,"column":7}},{"start":{},"end":{}}]},"4":{"loc":{"start":{"line":87,"column":8},"end":{"line":90,"column":41}},"type":"binary-expr","locations":[{"start":{"line":87,"column":8},"end":{"line":87,"column":41}},{"start":{"line":88,"column":8},"end":{"line":88,"column":41}},{"start":{"line":89,"column":8},"end":{"line":89,"column":41}},{"start":{"line":90,"column":8},"end":{"line":90,"column":41}}]}},"s":{"0":20,"1":3,"2":17,"3":17,"4":17,"5":17,"6":17,"7":17,"8":7168,"9":7168,"10":17,"11":17,"12":17,"13":14336,"14":113,"15":113,"16":113,"17":113,"18":215040,"19":113,"20":110,"21":110,"22":110,"23":110,"24":110,"25":107246,"26":110,"27":2,"28":2,"29":2,"30":2,"31":258,"32":2,"33":3,"34":3,"35":3,"36":3,"37":1655,"38":243,"39":3,"40":1200,"41":110,"42":110,"43":110,"44":110,"45":110,"46":214272,"47":110,"48":110,"49":1193,"50":1193,"51":1193,"52":1193,"53":214162,"54":214162,"55":1175552,"56":1175552,"57":1175552,"58":1175552,"59":1175552,"60":1175552,"61":1175552,"62":110,"63":214272,"64":214272,"65":214272,"66":2351104,"67":2351104,"68":214272,"69":5,"70":2},"f":{"0":20,"1":113,"2":110,"3":2,"4":3,"5":1200,"6":110,"7":214272,"8":5},"b":{"0":[1],"1":[3,17],"2":[0],"3":[243,1412],"4":[1655,615,412,290]}}
,"E:\\dronefinder\\DroneFinder\\src\\core\\audio\\MelSpectrogram.ts": {"path":"E:\\dronefinder\\DroneFinder\\src\\core\\audio\\MelSpectrogram.ts","statementMap":{"0":{"start":{"line":28,"column":4},"end":{"line":28,"column":33}},"1":{"start":{"line":29,"column":4},"end":{"line":29,"column":27}},"2":{"start":{"line":30,"column":4},"end":{"line":30,"column":33}},"3":{"start":{"line":31,"column":4},"end":{"line":31,"column":21}},"4":{"start":{"line":32,"column":4},"end":{"line":32,"column":21}},"5":{"start":{"line":33,"column":4},"end":{"line":33,"column":39}},"6":{"start":{"line":36,"column":4},"end":{"line":36,"column":52}},"7":{"start":{"line":39,"column":4},"end":{"line":39,"column":44}},"8":{"start":{"line":46,"column":21},"end":{"line":46,"column":54}},"9":{"start":{"line":48,"column":4},"end":{"line":58,"column":5}},"10":{"start":{"line":48,"column":17},"end":{"line":48,"column":18}},"11":{"start":{"line":49,"column":16},"end":{"line":49,"column":17}},"12":{"start":{"line":50,"column":21},"end":{"line":50,"column":42}},"13":{"start":{"line":51,"column":6},"end":{"line":55,"column":7}},"14":{"start":{"line":51,"column":19},"end":{"line":51,"column":20}},"15":{"start":{"line":52,"column":8},"end":{"line":54,"column":9}},"16":{"start":{"line":53,"column":10},"end":{"line":53,"column":50}},"17":{"start":{"line":57,"column":6},"end":{"line":57,"column":51}},"18":{"start":{"line":60,"column":4},"end":{"line":60,"column":20}},"19":{"start":{"line":68,"column":17},"end":{"line":68,"column":53}},"20":{"start":{"line":70,"column":4},"end":{"line":77,"column":5}},"21":{"start":{"line":70,"column":17},"end":{"line":70,"column":18}},"22":{"start":{"line":71,"column":16},"end":{"line":71,"column":17}},"23":{"start":{"line":72,"column":18},"end":{"line":72,"column":35}},"24":{"start":{"line":73,"column":6},"end":{"line":75,"column":7}},"25":{"start":{"line":73,"column":19},"end":{"line":73,"column":20}},"26":{"start":{"line":74,"column":8},"end":{"line":74,"column":36}},"27":{"start":{"line":76,"column":6},"end":{"line":76,"column":20}},"28":{"start":{"line":79,"column":4},"end":{"line":79,"column":16}},"29":{"start":{"line":86,"column":17},"end":{"line":86,"column":64}},"30":{"start":{"line":86,"column":40},"end":{"line":86,"column":45}},"31":{"start":{"line":87,"column":19},"end":{"line":87,"column":20}},"32":{"start":{"line":88,"column":4},"end":{"line":90,"column":5}},"33":{"start":{"line":88,"column":17},"end":{"line":88,"column":18}},"34":{"start":{"line":89,"column":6},"end":{"line":89,"column":41}},"35":{"start":{"line":91,"column":4},"end":{"line":91,"column":29}},"36":{"start":{"line":92,"column":16},"end":{"line":92,"column":42}},"37":{"start":{"line":94,"column":23},"end":{"line":94,"column":53}},"38":{"start":{"line":95,"column":4},"end":{"line":97,"column":5}},"39":{"start":{"line":95,"column":17},"end":{"line":95,"column":18}},"40":{"start":{"line":96,"column":6},"end":{"line":96,"column":46}},"41":{"start":{"line":98,"column":4},"end":{"line":98,"column":22}},"42":{"start":{"line":106,"column":4},"end":{"line":106,"column":78}},"43":{"start":{"line":106,"column":33},"end":{"line":106,"column":76}},"44":{"start":{"line":112,"column":4},"end":{"line":112,"column":43}},"45":{"start":{"line":116,"column":4},"end":{"line":116,"column":42}},"46":{"start":{"line":120,"column":23},"end":{"line":120,"column":43}},"47":{"start":{"line":121,"column":19},"end":{"line":121,"column":42}},"48":{"start":{"line":122,"column":19},"end":{"line":122,"column":42}},"49":{"start":{"line":125,"column":22},"end":{"line":125,"column":59}},"50":{"start":{"line":126,"column":4},"end":{"line":128,"column":5}},"51":{"start":{"line":126,"column":17},"end":{"line":126,"column":18}},"52":{"start":{"line":127,"column":6},"end":{"line":127,"column":78}},"53":{"start":{"line":131,"column":23},"end":{"line":131,"column":60}},"54":{"start":{"line":132,"column":4},"end":{"line":135,"column":5}},"55":{"start":{"line":132,"column":17},"end":{"line":132,"column":18}},"56":{"start":{"line":133,"column":17},"end":{"line":133,"column":43}},"57":{"start":{"line":134,"column":6},"end":{"line":134,"column":78}},"58":{"start":{"line":138,"column":39},"end":{"line":138,"column":41}},"59":{"start":{"line":139,"column":4},"end":{"line":160,"column":5}},"60":{"start":{"line":139,"column":17},"end":{"line":139,"column":18}},"61":{"start":{"line":140,"column":21},"end":{"line":140,"column":49}},"62":{"start":{"line":141,"column":20},"end":{"line":141,"column":45}},"63":{"start":{"line":142,"column":21},"end":{"line":142,"column":50}},"64":{"start":{"line":143,"column":18},"end":{"line":143,"column":47}},"65":{"start":{"line":146,"column":6},"end":{"line":150,"column":7}},"66":{"start":{"line":146,"column":19},"end":{"line":146,"column":24}},"67":{"start":{"line":147,"column":8},"end":{"line":149,"column":9}},"68":{"start":{"line":148,"column":10},"end":{"line":148,"column":53}},"69":{"start":{"line":153,"column":6},"end":{"line":157,"column":7}},"70":{"start":{"line":153,"column":19},"end":{"line":153,"column":25}},"71":{"start":{"line":154,"column":8},"end":{"line":156,"column":9}},"72":{"start":{"line":155,"column":10},"end":{"line":155,"column":49}},"73":{"start":{"line":159,"column":6},"end":{"line":159,"column":30}},"74":{"start":{"line":162,"column":4},"end":{"line":162,"column":22}},"75":{"start":{"line":166,"column":35},"end":{"line":166,"column":37}},"76":{"start":{"line":167,"column":4},"end":{"line":173,"column":5}},"77":{"start":{"line":167,"column":17},"end":{"line":167,"column":18}},"78":{"start":{"line":168,"column":18},"end":{"line":168,"column":51}},"79":{"start":{"line":169,"column":6},"end":{"line":171,"column":7}},"80":{"start":{"line":169,"column":19},"end":{"line":169,"column":20}},"81":{"start":{"line":170,"column":8},"end":{"line":170,"column":71}},"82":{"start":{"line":172,"column":6},"end":{"line":172,"column":23}},"83":{"start":{"line":174,"column":4},"end":{"line":174,"column":18}},"84":{"start":{"line":10,"column":0},"end":{"line":10,"column":13}}},"fnMap":{"0":{"name":"(anonymous_0)","decl":{"start":{"line":20,"column":2},"end":{"line":20,"column":null}},"loc":{"start":{"line":26,"column":30},"end":{"line":40,"column":3}}},"1":{"name":"(anonymous_1)","decl":{"start":{"line":45,"column":2},"end":{"line":45,"column":17}},"loc":{"start":{"line":45,"column":49},"end":{"line":61,"column":3}}},"2":{"name":"(anonymous_2)","decl":{"start":{"line":67,"column":2},"end":{"line":67,"column":13}},"loc":{"start":{"line":67,"column":36},"end":{"line":80,"column":3}}},"3":{"name":"(anonymous_3)","decl":{"start":{"line":85,"column":2},"end":{"line":85,"column":11}},"loc":{"start":{"line":85,"column":31},"end":{"line":99,"column":3}}},"4":{"name":"(anonymous_4)","decl":{"start":{"line":86,"column":30},"end":{"line":86,"column":31}},"loc":{"start":{"line":86,"column":40},"end":{"line":86,"column":45}}},"5":{"name":"(anonymous_5)","decl":{"start":{"line":105,"column":2},"end":{"line":105,"column":18}},"loc":{"start":{"line":105,"column":41},"end":{"line":107,"column":3}}},"6":{"name":"(anonymous_6)","decl":{"start":{"line":106,"column":22},"end":{"line":106,"column":23}},"loc":{"start":{"line":106,"column":33},"end":{"line":106,"column":76}}},"7":{"name":"(anonymous_7)","decl":{"start":{"line":111,"column":10},"end":{"line":111,"column":17}},"loc":{"start":{"line":111,"column":28},"end":{"line":113,"column":3}}},"8":{"name":"(anonymous_8)","decl":{"start":{"line":115,"column":10},"end":{"line":115,"column":17}},"loc":{"start":{"line":115,"column":29},"end":{"line":117,"column":3}}},"9":{"name":"(anonymous_9)","decl":{"start":{"line":119,"column":10},"end":{"line":119,"column":29}},"loc":{"start":{"line":119,"column":29},"end":{"line":163,"column":3}}},"10":{"name":"(anonymous_10)","decl":{"start":{"line":165,"column":10},"end":{"line":165,"column":25}},"loc":{"start":{"line":165,"column":25},"end":{"line":175,"column":3}}}},"branchMap":{"0":{"loc":{"start":{"line":21,"column":4},"end":{"line":21,"column":28}},"type":"default-arg","locations":[{"start":{"line":21,"column":25},"end":{"line":21,"column":28}}]},"1":{"loc":{"start":{"line":22,"column":4},"end":{"line":22,"column":26}},"type":"default-arg","locations":[{"start":{"line":22,"column":22},"end":{"line":22,"column":26}}]},"2":{"loc":{"start":{"line":23,"column":4},"end":{"line":23,"column":30}},"type":"default-arg","locations":[{"start":{"line":23,"column":25},"end":{"line":23,"column":30}}]},"3":{"loc":{"start":{"line":24,"column":4},"end":{"line":24,"column":22}},"type":"default-arg","locations":[{"start":{"line":24,"column":19},"end":{"line":24,"column":22}}]},"4":{"loc":{"start":{"line":25,"column":4},"end":{"line":25,"column":23}},"type":"default-arg","locations":[{"start":{"line":25,"column":19},"end":{"line":25,"column":23}}]},"5":{"loc":{"start":{"line":26,"column":4},"end":{"line":26,"column":30}},"type":"default-arg","locations":[{"start":{"line":26,"column":28},"end":{"line":26,"column":30}}]},"6":{"loc":{"start":{"line":52,"column":8},"end":{"line":54,"column":9}},"type":"if","locations":[{"start":{"line":52,"column":8},"end":{"line":54,"column":9}},{"start":{},"end":{}}]},"7":{"loc":{"start":{"line":146,"column":26},"end":{"line":146,"column":54}},"type":"binary-expr","locations":[{"start":{"line":146,"column":26},"end":{"line":146,"column":36}},{"start":{"line":146,"column":40},"end":{"line":146,"column":54}}]},"8":{"loc":{"start":{"line":147,"column":8},"end":{"line":149,"column":9}},"type":"if","locations":[{"start":{"line":147,"column":8},"end":{"line":149,"column":9}},{"start":{},"end":{}}]},"9":{"loc":{"start":{"line":153,"column":27},"end":{"line":153,"column":53}},"type":"binary-expr","locations":[{"start":{"line":153,"column":27},"end":{"line":153,"column":35}},{"start":{"line":153,"column":39},"end":{"line":153,"column":53}}]},"10":{"loc":{"start":{"line":154,"column":8},"end":{"line":156,"column":9}},"type":"if","locations":[{"start":{"line":154,"column":8},"end":{"line":156,"column":9}},{"start":{},"end":{}}]}},"s":{"0":2,"1":2,"2":2,"3":2,"4":2,"5":2,"6":2,"7":2,"8":109,"9":109,"10":109,"11":13952,"12":13952,"13":13952,"14":13952,"15":14300800,"16":14300800,"17":13952,"18":109,"19":4,"20":4,"21":4,"22":120,"23":120,"24":120,"25":120,"26":15360,"27":120,"28":4,"29":6,"30":528,"31":6,"32":6,"33":6,"34":528,"35":6,"36":6,"37":6,"38":6,"39":6,"40":528,"41":6,"42":0,"43":0,"44":4,"45":260,"46":2,"47":2,"48":2,"49":2,"50":2,"51":2,"52":260,"53":2,"54":2,"55":2,"56":260,"57":260,"58":2,"59":2,"60":2,"61":256,"62":256,"63":256,"64":256,"65":256,"66":256,"67":718,"68":718,"69":256,"70":256,"71":986,"72":980,"73":256,"74":2,"75":2,"76":2,"77":2,"78":60,"79":60,"80":60,"81":7680,"82":60,"83":2,"84":2},"f":{"0":2,"1":109,"2":4,"3":6,"4":528,"5":0,"6":0,"7":4,"8":260,"9":2,"10":2},"b":{"0":[0],"1":[0],"2":[0],"3":[0],"4":[0],"5":[1],"6":[14300800,0],"7":[974,718],"8":[718,0],"9":[1242,986],"10":[980,6]}}
,"E:\\dronefinder\\DroneFinder\\src\\core\\detection\\DOAEstimator.ts": {"path":"E:\\dronefinder\\DroneFinder\\src\\core\\detection\\DOAEstimator.ts","statementMap":{"0":{"start":{"line":24,"column":4},"end":{"line":24,"column":33}},"1":{"start":{"line":25,"column":4},"end":{"line":25,"column":51}},"2":{"start":{"line":26,"column":4},"end":{"line":26,"column":37}},"3":{"start":{"line":37,"column":16},"end":{"line":37,"column":65}},"4":{"start":{"line":40,"column":21},"end":{"line":40,"column":96}},"5":{"start":{"line":41,"column":20},"end":{"line":41,"column":21}},"6":{"start":{"line":42,"column":26},"end":{"line":42,"column":35}},"7":{"start":{"line":44,"column":4},"end":{"line":62,"column":5}},"8":{"start":{"line":44,"column":21},"end":{"line":44,"column":30}},"9":{"start":{"line":45,"column":24},"end":{"line":45,"column":25}},"10":{"start":{"line":46,"column":18},"end":{"line":46,"column":19}},"11":{"start":{"line":48,"column":6},"end":{"line":54,"column":7}},"12":{"start":{"line":48,"column":19},"end":{"line":48,"column":20}},"13":{"start":{"line":49,"column":18},"end":{"line":49,"column":27}},"14":{"start":{"line":50,"column":8},"end":{"line":53,"column":9}},"15":{"start":{"line":51,"column":10},"end":{"line":51,"column":58}},"16":{"start":{"line":52,"column":10},"end":{"line":52,"column":18}},"17":{"start":{"line":56,"column":6},"end":{"line":56,"column":32}},"18":{"start":{"line":58,"column":6},"end":{"line":61,"column":7}},"19":{"start":{"line":59,"column":8},"end":{"line":59,"column":38}},"20":{"start":{"line":60,"column":8},"end":{"line":60,"column":26}},"21":{"start":{"line":65,"column":27},"end":{"line":65,"column":54}},"22":{"start":{"line":66,"column":21},"end":{"line":66,"column":84}},"23":{"start":{"line":67,"column":23},"end":{"line":67,"column":58}},"24":{"start":{"line":68,"column":25},"end":{"line":68,"column":64}},"25":{"start":{"line":70,"column":4},"end":{"line":70,"column":24}},"26":{"start":{"line":82,"column":19},"end":{"line":82,"column":51}},"27":{"start":{"line":83,"column":4},"end":{"line":83,"column":38}},"28":{"start":{"line":83,"column":22},"end":{"line":83,"column":38}},"29":{"start":{"line":84,"column":4},"end":{"line":84,"column":41}},"30":{"start":{"line":84,"column":25},"end":{"line":84,"column":41}},"31":{"start":{"line":85,"column":4},"end":{"line":85,"column":20}},"32":{"start":{"line":100,"column":24},"end":{"line":100,"column":53}},"33":{"start":{"line":101,"column":21},"end":{"line":101,"column":70}},"34":{"start":{"line":102,"column":4},"end":{"line":102,"column":20}},"35":{"start":{"line":14,"column":0},"end":{"line":14,"column":13}}},"fnMap":{"0":{"name":"(anonymous_0)","decl":{"start":{"line":19,"column":2},"end":{"line":19,"column":null}},"loc":{"start":{"line":22,"column":30},"end":{"line":27,"column":3}}},"1":{"name":"(anonymous_1)","decl":{"start":{"line":36,"column":2},"end":{"line":36,"column":17}},"loc":{"start":{"line":36,"column":71},"end":{"line":71,"column":3}}},"2":{"name":"(anonymous_2)","decl":{"start":{"line":81,"column":2},"end":{"line":81,"column":19}},"loc":{"start":{"line":81,"column":67},"end":{"line":86,"column":3}}},"3":{"name":"(anonymous_3)","decl":{"start":{"line":97,"column":2},"end":{"line":97,"column":22}},"loc":{"start":{"line":97,"column":80},"end":{"line":103,"column":3}}}},"branchMap":{"0":{"loc":{"start":{"line":20,"column":4},"end":{"line":20,"column":30}},"type":"default-arg","locations":[{"start":{"line":20,"column":25},"end":{"line":20,"column":30}}]},"1":{"loc":{"start":{"line":21,"column":4},"end":{"line":21,"column":38}},"type":"default-arg","locations":[{"start":{"line":21,"column":34},"end":{"line":21,"column":38}}]},"2":{"loc":{"start":{"line":22,"column":4},"end":{"line":22,"column":30}},"type":"default-arg","locations":[{"start":{"line":22,"column":27},"end":{"line":22,"column":30}}]},"3":{"loc":{"start":{"line":50,"column":8},"end":{"line":53,"column":9}},"type":"if","locations":[{"start":{"line":50,"column":8},"end":{"line":53,"column":9}},{"start":{},"end":{}}]},"4":{"loc":{"start":{"line":50,"column":12},"end":{"line":50,"column":29}},"type":"binary-expr","locations":[{"start":{"line":50,"column":12},"end":{"line":50,"column":18}},{"start":{"line":50,"column":22},"end":{"line":50,"column":29}}]},"5":{"loc":{"start":{"line":56,"column":21},"end":{"line":56,"column":31}},"type":"binary-expr","locations":[{"start":{"line":56,"column":21},"end":{"line":56,"column":26}},{"start":{"line":56,"column":30},"end":{"line":56,"column":31}}]},"6":{"loc":{"start":{"line":58,"column":6},"end":{"line":61,"column":7}},"type":"if","locations":[{"start":{"line":58,"column":6},"end":{"line":61,"column":7}},{"start":{},"end":{}}]},"7":{"loc":{"start":{"line":83,"column":4},"end":{"line":83,"column":38}},"type":"if","locations":[{"start":{"line":83,"column":4},"end":{"line":83,"column":38}},{"start":{},"end":{}}]},"8":{"loc":{"start":{"line":84,"column":4},"end":{"line":84,"column":41}},"type":"if","locations":[{"start":{"line":84,"column":4},"end":{"line":84,"column":41}},{"start":{},"end":{}}]}},"s":{"0":1,"1":1,"2":1,"3":6,"4":6,"5":6,"6":6,"7":6,"8":6,"9":198,"10":198,"11":198,"12":198,"13":160512,"14":160512,"15":158880,"16":158880,"17":198,"18":198,"19":78,"20":78,"21":6,"22":6,"23":6,"24":6,"25":6,"26":4,"27":4,"28":1,"29":4,"30":1,"31":4,"32":3,"33":3,"34":3,"35":1},"f":{"0":1,"1":6,"2":4,"3":3},"b":{"0":[0],"1":[0],"2":[0],"3":[158880,1632],"4":[160512,159696],"5":[198,0],"6":[78,120],"7":[1,3],"8":[1,3]}}
,"E:\\dronefinder\\DroneFinder\\src\\core\\detection\\KalmanFilter.ts": {"path":"E:\\dronefinder\\DroneFinder\\src\\core\\detection\\KalmanFilter.ts","statementMap":{"0":{"start":{"line":21,"column":4},"end":{"line":21,"column":17}},"1":{"start":{"line":22,"column":4},"end":{"line":22,"column":37}},"2":{"start":{"line":23,"column":4},"end":{"line":23,"column":45}},"3":{"start":{"line":30,"column":4},"end":{"line":41,"column":6}},"4":{"start":{"line":48,"column":32},"end":{"line":48,"column":37}},"5":{"start":{"line":49,"column":15},"end":{"line":49,"column":22}},"6":{"start":{"line":50,"column":14},"end":{"line":50,"column":31}},"7":{"start":{"line":54,"column":17},"end":{"line":54,"column":28}},"8":{"start":{"line":55,"column":17},"end":{"line":55,"column":28}},"9":{"start":{"line":60,"column":27},"end":{"line":65,"column":6}},"10":{"start":{"line":68,"column":29},"end":{"line":73,"column":6}},"11":{"start":{"line":75,"column":4},"end":{"line":75,"column":49}},"12":{"start":{"line":82,"column":32},"end":{"line":82,"column":37}},"13":{"start":{"line":83,"column":14},"end":{"line":83,"column":35}},"14":{"start":{"line":86,"column":15},"end":{"line":86,"column":21}},"15":{"start":{"line":87,"column":15},"end":{"line":87,"column":21}},"16":{"start":{"line":90,"column":16},"end":{"line":90,"column":27}},"17":{"start":{"line":91,"column":16},"end":{"line":91,"column":23}},"18":{"start":{"line":92,"column":16},"end":{"line":92,"column":23}},"19":{"start":{"line":93,"column":16},"end":{"line":93,"column":27}},"20":{"start":{"line":96,"column":17},"end":{"line":96,"column":38}},"21":{"start":{"line":97,"column":4},"end":{"line":97,"column":45}},"22":{"start":{"line":97,"column":32},"end":{"line":97,"column":45}},"23":{"start":{"line":99,"column":19},"end":{"line":99,"column":29}},"24":{"start":{"line":100,"column":19},"end":{"line":100,"column":30}},"25":{"start":{"line":101,"column":19},"end":{"line":101,"column":30}},"26":{"start":{"line":102,"column":19},"end":{"line":102,"column":29}},"27":{"start":{"line":105,"column":14},"end":{"line":110,"column":6}},"28":{"start":{"line":113,"column":17},"end":{"line":113,"column":48}},"29":{"start":{"line":114,"column":17},"end":{"line":114,"column":48}},"30":{"start":{"line":115,"column":18},"end":{"line":115,"column":50}},"31":{"start":{"line":116,"column":18},"end":{"line":116,"column":50}},"32":{"start":{"line":119,"column":29},"end":{"line":119,"column":82}},"33":{"start":{"line":119,"column":61},"end":{"line":119,"column":81}},"34":{"start":{"line":120,"column":4},"end":{"line":124,"column":5}},"35":{"start":{"line":120,"column":17},"end":{"line":120,"column":18}},"36":{"start":{"line":121,"column":6},"end":{"line":123,"column":7}},"37":{"start":{"line":121,"column":19},"end":{"line":121,"column":20}},"38":{"start":{"line":122,"column":8},"end":{"line":122,"column":69}},"39":{"start":{"line":126,"column":4},"end":{"line":126,"column":63}},"40":{"start":{"line":134,"column":21},"end":{"line":134,"column":69}},"41":{"start":{"line":135,"column":18},"end":{"line":135,"column":70}},"42":{"start":{"line":137,"column":4},"end":{"line":137,"column":33}},"43":{"start":{"line":137,"column":21},"end":{"line":137,"column":33}},"44":{"start":{"line":140,"column":16},"end":{"line":140,"column":55}},"45":{"start":{"line":141,"column":4},"end":{"line":141,"column":30}},"46":{"start":{"line":141,"column":18},"end":{"line":141,"column":30}},"47":{"start":{"line":143,"column":4},"end":{"line":143,"column":28}},"48":{"start":{"line":150,"column":16},"end":{"line":150,"column":48}},"49":{"start":{"line":151,"column":4},"end":{"line":154,"column":6}},"50":{"start":{"line":12,"column":0},"end":{"line":12,"column":13}}},"fnMap":{"0":{"name":"(anonymous_0)","decl":{"start":{"line":20,"column":2},"end":{"line":20,"column":14}},"loc":{"start":{"line":20,"column":89},"end":{"line":24,"column":3}}},"1":{"name":"(anonymous_1)","decl":{"start":{"line":29,"column":2},"end":{"line":29,"column":6}},"loc":{"start":{"line":29,"column":27},"end":{"line":42,"column":3}}},"2":{"name":"(anonymous_2)","decl":{"start":{"line":47,"column":2},"end":{"line":47,"column":9}},"loc":{"start":{"line":47,"column":28},"end":{"line":76,"column":3}}},"3":{"name":"(anonymous_3)","decl":{"start":{"line":81,"column":2},"end":{"line":81,"column":8}},"loc":{"start":{"line":81,"column":51},"end":{"line":127,"column":3}}},"4":{"name":"(anonymous_4)","decl":{"start":{"line":119,"column":55},"end":{"line":119,"column":58}},"loc":{"start":{"line":119,"column":61},"end":{"line":119,"column":81}}},"5":{"name":"(anonymous_5)","decl":{"start":{"line":133,"column":2},"end":{"line":133,"column":12}},"loc":{"start":{"line":133,"column":31},"end":{"line":144,"column":3}}},"6":{"name":"(anonymous_6)","decl":{"start":{"line":149,"column":2},"end":{"line":149,"column":8}},"loc":{"start":{"line":149,"column":72},"end":{"line":155,"column":3}}}},"branchMap":{"0":{"loc":{"start":{"line":20,"column":14},"end":{"line":20,"column":30}},"type":"default-arg","locations":[{"start":{"line":20,"column":27},"end":{"line":20,"column":30}}]},"1":{"loc":{"start":{"line":20,"column":32},"end":{"line":20,"column":58}},"type":"default-arg","locations":[{"start":{"line":20,"column":55},"end":{"line":20,"column":58}}]},"2":{"loc":{"start":{"line":20,"column":60},"end":{"line":20,"column":89}},"type":"default-arg","locations":[{"start":{"line":20,"column":87},"end":{"line":20,"column":89}}]},"3":{"loc":{"start":{"line":97,"column":4},"end":{"line":97,"column":45}},"type":"if","locations":[{"start":{"line":97,"column":4},"end":{"line":97,"column":45}},{"start":{},"end":{}}]},"4":{"loc":{"start":{"line":137,"column":4},"end":{"line":137,"column":33}},"type":"if","locations":[{"start":{"line":137,"column":4},"end":{"line":137,"column":33}},{"start":{},"end":{}}]},"5":{"loc":{"start":{"line":141,"column":4},"end":{"line":141,"column":30}},"type":"if","locations":[{"start":{"line":141,"column":4},"end":{"line":141,"column":30}},{"start":{},"end":{}}]}},"s":{"0":15,"1":15,"2":15,"3":15,"4":35,"5":35,"6":35,"7":35,"8":35,"9":35,"10":35,"11":35,"12":33,"13":33,"14":33,"15":33,"16":33,"17":33,"18":33,"19":33,"20":33,"21":33,"22":0,"23":33,"24":33,"25":33,"26":33,"27":33,"28":33,"29":33,"30":33,"31":33,"32":33,"33":132,"34":33,"35":33,"36":132,"37":132,"38":528,"39":33,"40":4,"41":4,"42":4,"43":1,"44":3,"45":3,"46":1,"47":2,"48":4,"49":4,"50":2},"f":{"0":15,"1":15,"2":35,"3":33,"4":132,"5":4,"6":4},"b":{"0":[7],"1":[9],"2":[10],"3":[0,33],"4":[1,3],"5":[1,2]}}
,"E:\\dronefinder\\DroneFinder\\src\\core\\ml\\ModelManager.ts": {"path":"E:\\dronefinder\\DroneFinder\\src\\core\\ml\\ModelManager.ts","statementMap":{"0":{"start":{"line":14,"column":32},"end":{"line":14,"column":42}},"1":{"start":{"line":15,"column":40},"end":{"line":15,"column":44}},"2":{"start":{"line":16,"column":41},"end":{"line":16,"column":45}},"3":{"start":{"line":17,"column":67},"end":{"line":17,"column":71}},"4":{"start":{"line":20,"column":32},"end":{"line":20,"column":44}},"5":{"start":{"line":21,"column":53},"end":{"line":28,"column":4}},"6":{"start":{"line":31,"column":4},"end":{"line":39,"column":6}},"7":{"start":{"line":46,"column":4},"end":{"line":46,"column":69}},"8":{"start":{"line":46,"column":62},"end":{"line":46,"column":69}},"9":{"start":{"line":48,"column":4},"end":{"line":48,"column":30}},"10":{"start":{"line":49,"column":4},"end":{"line":49,"column":75}},"11":{"start":{"line":51,"column":4},"end":{"line":62,"column":5}},"12":{"start":{"line":54,"column":6},"end":{"line":54,"column":37}},"13":{"start":{"line":56,"column":6},"end":{"line":56,"column":30}},"14":{"start":{"line":57,"column":6},"end":{"line":57,"column":62}},"15":{"start":{"line":59,"column":6},"end":{"line":59,"column":30}},"16":{"start":{"line":60,"column":6},"end":{"line":60,"column":67}},"17":{"start":{"line":61,"column":6},"end":{"line":61,"column":18}},"18":{"start":{"line":71,"column":4},"end":{"line":73,"column":5}},"19":{"start":{"line":72,"column":6},"end":{"line":72,"column":73}},"20":{"start":{"line":75,"column":4},"end":{"line":75,"column":32}},"21":{"start":{"line":76,"column":22},"end":{"line":76,"column":39}},"22":{"start":{"line":78,"column":4},"end":{"line":91,"column":5}},"23":{"start":{"line":81,"column":26},"end":{"line":81,"column":54}},"24":{"start":{"line":83,"column":28},"end":{"line":83,"column":57}},"25":{"start":{"line":84,"column":6},"end":{"line":84,"column":77}},"26":{"start":{"line":86,"column":6},"end":{"line":86,"column":30}},"27":{"start":{"line":87,"column":6},"end":{"line":87,"column":25}},"28":{"start":{"line":89,"column":6},"end":{"line":89,"column":30}},"29":{"start":{"line":90,"column":6},"end":{"line":90,"column":18}},"30":{"start":{"line":98,"column":4},"end":{"line":98,"column":35}},"31":{"start":{"line":102,"column":4},"end":{"line":102,"column":23}},"32":{"start":{"line":106,"column":4},"end":{"line":106,"column":26}},"33":{"start":{"line":112,"column":4},"end":{"line":112,"column":25}},"34":{"start":{"line":113,"column":4},"end":{"line":113,"column":34}},"35":{"start":{"line":122,"column":4},"end":{"line":122,"column":61}},"36":{"start":{"line":122,"column":35},"end":{"line":122,"column":59}},"37":{"start":{"line":126,"column":23},"end":{"line":126,"column":57}},"38":{"start":{"line":127,"column":24},"end":{"line":127,"column":27}},"39":{"start":{"line":128,"column":4},"end":{"line":128,"column":62}},"40":{"start":{"line":131,"column":4},"end":{"line":131,"column":42}},"41":{"start":{"line":133,"column":4},"end":{"line":133,"column":42}},"42":{"start":{"line":135,"column":4},"end":{"line":135,"column":41}},"43":{"start":{"line":137,"column":4},"end":{"line":137,"column":43}},"44":{"start":{"line":139,"column":4},"end":{"line":139,"column":43}},"45":{"start":{"line":141,"column":4},"end":{"line":141,"column":42}},"46":{"start":{"line":145,"column":4},"end":{"line":145,"column":30}},"47":{"start":{"line":145,"column":23},"end":{"line":145,"column":30}},"48":{"start":{"line":146,"column":19},"end":{"line":146,"column":33}},"49":{"start":{"line":147,"column":4},"end":{"line":152,"column":5}},"50":{"start":{"line":147,"column":17},"end":{"line":147,"column":25}},"51":{"start":{"line":149,"column":21},"end":{"line":149,"column":44}},"52":{"start":{"line":150,"column":20},"end":{"line":150,"column":43}},"53":{"start":{"line":151,"column":6},"end":{"line":151,"column":87}},"54":{"start":{"line":160,"column":4},"end":{"line":160,"column":61}},"55":{"start":{"line":160,"column":23},"end":{"line":160,"column":61}},"56":{"start":{"line":163,"column":21},"end":{"line":163,"column":42}},"57":{"start":{"line":164,"column":4},"end":{"line":168,"column":5}},"58":{"start":{"line":165,"column":6},"end":{"line":167,"column":7}},"59":{"start":{"line":165,"column":19},"end":{"line":165,"column":20}},"60":{"start":{"line":166,"column":8},"end":{"line":166,"column":51}},"61":{"start":{"line":171,"column":19},"end":{"line":171,"column":52}},"62":{"start":{"line":172,"column":19},"end":{"line":172,"column":20}},"63":{"start":{"line":174,"column":4},"end":{"line":190,"column":5}},"64":{"start":{"line":174,"column":17},"end":{"line":174,"column":18}},"65":{"start":{"line":175,"column":21},"end":{"line":175,"column":28}},"66":{"start":{"line":176,"column":23},"end":{"line":176,"column":24}},"67":{"start":{"line":177,"column":18},"end":{"line":177,"column":19}},"68":{"start":{"line":178,"column":18},"end":{"line":178,"column":19}},"69":{"start":{"line":180,"column":6},"end":{"line":184,"column":7}},"70":{"start":{"line":180,"column":19},"end":{"line":180,"column":20}},"71":{"start":{"line":181,"column":8},"end":{"line":181,"column":61}},"72":{"start":{"line":182,"column":8},"end":{"line":182,"column":43}},"73":{"start":{"line":183,"column":8},"end":{"line":183,"column":69}},"74":{"start":{"line":186,"column":25},"end":{"line":186,"column":82}},"75":{"start":{"line":187,"column":20},"end":{"line":187,"column":43}},"76":{"start":{"line":188,"column":6},"end":{"line":188,"column":56}},"77":{"start":{"line":189,"column":6},"end":{"line":189,"column":45}},"78":{"start":{"line":189,"column":28},"end":{"line":189,"column":45}},"79":{"start":{"line":193,"column":17},"end":{"line":193,"column":18}},"80":{"start":{"line":194,"column":22},"end":{"line":194,"column":55}},"81":{"start":{"line":195,"column":4},"end":{"line":199,"column":5}},"82":{"start":{"line":196,"column":18},"end":{"line":196,"column":50}},"83":{"start":{"line":197,"column":6},"end":{"line":197,"column":30}},"84":{"start":{"line":198,"column":6},"end":{"line":198,"column":20}},"85":{"start":{"line":201,"column":26},"end":{"line":201,"column":59}},"86":{"start":{"line":202,"column":4},"end":{"line":204,"column":5}},"87":{"start":{"line":203,"column":6},"end":{"line":203,"column":43}},"88":{"start":{"line":206,"column":4},"end":{"line":206,"column":25}},"89":{"start":{"line":13,"column":0},"end":{"line":13,"column":13}}},"fnMap":{"0":{"name":"(anonymous_0)","decl":{"start":{"line":30,"column":2},"end":{"line":30,"column":null}},"loc":{"start":{"line":30,"column":2},"end":{"line":40,"column":3}}},"1":{"name":"(anonymous_1)","decl":{"start":{"line":45,"column":2},"end":{"line":45,"column":7}},"loc":{"start":{"line":45,"column":17},"end":{"line":63,"column":3}}},"2":{"name":"(anonymous_2)","decl":{"start":{"line":70,"column":2},"end":{"line":70,"column":7}},"loc":{"start":{"line":70,"column":41},"end":{"line":92,"column":3}}},"3":{"name":"(anonymous_3)","decl":{"start":{"line":97,"column":2},"end":{"line":97,"column":10}},"loc":{"start":{"line":97,"column":50},"end":{"line":99,"column":3}}},"4":{"name":"(anonymous_4)","decl":{"start":{"line":101,"column":2},"end":{"line":101,"column":6}},"loc":{"start":{"line":101,"column":19},"end":{"line":103,"column":3}}},"5":{"name":"(anonymous_5)","decl":{"start":{"line":105,"column":2},"end":{"line":105,"column":6}},"loc":{"start":{"line":105,"column":10},"end":{"line":107,"column":3}}},"6":{"name":"(anonymous_6)","decl":{"start":{"line":111,"column":10},"end":{"line":111,"column":19}},"loc":{"start":{"line":111,"column":39},"end":{"line":114,"column":3}}},"7":{"name":"(anonymous_7)","decl":{"start":{"line":120,"column":10},"end":{"line":120,"column":15}},"loc":{"start":{"line":120,"column":33},"end":{"line":142,"column":3}}},"8":{"name":"(anonymous_8)","decl":{"start":{"line":122,"column":22},"end":{"line":122,"column":23}},"loc":{"start":{"line":122,"column":35},"end":{"line":122,"column":59}}},"9":{"name":"(anonymous_9)","decl":{"start":{"line":144,"column":10},"end":{"line":144,"column":26}},"loc":{"start":{"line":144,"column":93},"end":{"line":153,"column":3}}},"10":{"name":"(anonymous_10)","decl":{"start":{"line":159,"column":10},"end":{"line":159,"column":22}},"loc":{"start":{"line":159,"column":48},"end":{"line":207,"column":3}}}},"branchMap":{"0":{"loc":{"start":{"line":46,"column":4},"end":{"line":46,"column":69}},"type":"if","locations":[{"start":{"line":46,"column":4},"end":{"line":46,"column":69}},{"start":{},"end":{}}]},"1":{"loc":{"start":{"line":46,"column":8},"end":{"line":46,"column":60}},"type":"binary-expr","locations":[{"start":{"line":46,"column":8},"end":{"line":46,"column":31}},{"start":{"line":46,"column":35},"end":{"line":46,"column":60}}]},"2":{"loc":{"start":{"line":71,"column":4},"end":{"line":73,"column":5}},"type":"if","locations":[{"start":{"line":71,"column":4},"end":{"line":73,"column":5}},{"start":{},"end":{}}]},"3":{"loc":{"start":{"line":145,"column":4},"end":{"line":145,"column":30}},"type":"if","locations":[{"start":{"line":145,"column":4},"end":{"line":145,"column":30}},{"start":{},"end":{}}]},"4":{"loc":{"start":{"line":147,"column":27},"end":{"line":147,"column":48}},"type":"binary-expr","locations":[{"start":{"line":147,"column":27},"end":{"line":147,"column":37}},{"start":{"line":147,"column":41},"end":{"line":147,"column":48}}]},"5":{"loc":{"start":{"line":160,"column":4},"end":{"line":160,"column":61}},"type":"if","locations":[{"start":{"line":160,"column":4},"end":{"line":160,"column":61}},{"start":{},"end":{}}]},"6":{"loc":{"start":{"line":189,"column":6},"end":{"line":189,"column":45}},"type":"if","locations":[{"start":{"line":189,"column":6},"end":{"line":189,"column":45}},{"start":{},"end":{}}]}},"s":{"0":13,"1":13,"2":13,"3":13,"4":2,"5":2,"6":13,"7":11,"8":1,"9":10,"10":10,"11":10,"12":10,"13":10,"14":10,"15":0,"16":0,"17":0,"18":9,"19":1,"20":8,"21":8,"22":8,"23":8,"24":8,"25":8,"26":8,"27":8,"28":0,"29":0,"30":1,"31":3,"32":1,"33":36,"34":36,"35":10,"36":10,"37":10,"38":10,"39":10,"40":10,"41":10,"42":10,"43":10,"44":10,"45":10,"46":60,"47":0,"48":60,"49":60,"50":60,"51":5480,"52":5480,"53":5480,"54":8,"55":0,"56":8,"57":8,"58":148,"59":148,"60":18944,"61":8,"62":8,"63":8,"64":8,"65":48,"66":48,"67":48,"68":48,"69":48,"70":48,"71":6144,"72":6144,"73":6144,"74":48,"75":48,"76":48,"77":48,"78":14,"79":8,"80":8,"81":8,"82":48,"83":48,"84":48,"85":8,"86":8,"87":48,"88":8,"89":2},"f":{"0":13,"1":11,"2":9,"3":1,"4":3,"5":1,"6":36,"7":10,"8":10,"9":60,"10":8},"b":{"0":[1,10],"1":[11,10],"2":[1,8],"3":[0,60],"4":[5540,5480],"5":[0,8],"6":[14,34]}}
,"E:\\dronefinder\\DroneFinder\\src\\stores\\detectionStore.ts": {"path":"E:\\dronefinder\\DroneFinder\\src\\stores\\detectionStore.ts","statementMap":{"0":{"start":{"line":1,"column":0},"end":{"line":1,"column":33}},"1":{"start":{"line":25,"column":13},"end":{"line":108,"column":4}},"2":{"start":{"line":25,"column":71},"end":{"line":108,"column":2}},"3":{"start":{"line":33,"column":27},"end":{"line":33,"column":54}},"4":{"start":{"line":36,"column":31},"end":{"line":36,"column":36}},"5":{"start":{"line":39,"column":26},"end":{"line":44,"column":null}},"6":{"start":{"line":41,"column":8},"end":{"line":44,"column":99}},"7":{"start":{"line":47,"column":4},"end":{"line":74,"column":5}},"8":{"start":{"line":49,"column":28},"end":{"line":56,"column":null}},"9":{"start":{"line":50,"column":8},"end":{"line":56,"column":13}},"10":{"start":{"line":58,"column":6},"end":{"line":58,"column":70}},"11":{"start":{"line":61,"column":36},"end":{"line":69,"column":8}},"12":{"start":{"line":70,"column":6},"end":{"line":73,"column":9}},"13":{"start":{"line":78,"column":4},"end":{"line":88,"column":8}},"14":{"start":{"line":78,"column":20},"end":{"line":88,"column":6}},"15":{"start":{"line":80,"column":8},"end":{"line":86,"column":13}},"16":{"start":{"line":92,"column":4},"end":{"line":96,"column":8}},"17":{"start":{"line":92,"column":20},"end":{"line":96,"column":6}},"18":{"start":{"line":94,"column":8},"end":{"line":94,"column":56}},"19":{"start":{"line":99,"column":22},"end":{"line":99,"column":72}},"20":{"start":{"line":101,"column":28},"end":{"line":101,"column":54}},"21":{"start":{"line":103,"column":29},"end":{"line":103,"column":56}},"22":{"start":{"line":105,"column":28},"end":{"line":105,"column":56}},"23":{"start":{"line":107,"column":30},"end":{"line":107,"column":60}}},"fnMap":{"0":{"name":"(anonymous_0)","decl":{"start":{"line":25,"column":56},"end":{"line":25,"column":57}},"loc":{"start":{"line":25,"column":71},"end":{"line":108,"column":2}}},"1":{"name":"(anonymous_1)","decl":{"start":{"line":33,"column":15},"end":{"line":33,"column":16}},"loc":{"start":{"line":33,"column":27},"end":{"line":33,"column":54}}},"2":{"name":"(anonymous_2)","decl":{"start":{"line":35,"column":16},"end":{"line":35,"column":17}},"loc":{"start":{"line":35,"column":27},"end":{"line":75,"column":3}}},"3":{"name":"(anonymous_3)","decl":{"start":{"line":40,"column":6},"end":{"line":40,"column":7}},"loc":{"start":{"line":41,"column":8},"end":{"line":44,"column":99}}},"4":{"name":"(anonymous_4)","decl":{"start":{"line":49,"column":47},"end":{"line":49,"column":48}},"loc":{"start":{"line":50,"column":8},"end":{"line":56,"column":13}}},"5":{"name":"(anonymous_5)","decl":{"start":{"line":77,"column":21},"end":{"line":77,"column":22}},"loc":{"start":{"line":77,"column":44},"end":{"line":89,"column":3}}},"6":{"name":"(anonymous_6)","decl":{"start":{"line":78,"column":8},"end":{"line":78,"column":9}},"loc":{"start":{"line":78,"column":20},"end":{"line":88,"column":6}}},"7":{"name":"(anonymous_7)","decl":{"start":{"line":79,"column":47},"end":{"line":79,"column":48}},"loc":{"start":{"line":80,"column":8},"end":{"line":86,"column":13}}},"8":{"name":"(anonymous_8)","decl":{"start":{"line":91,"column":21},"end":{"line":91,"column":22}},"loc":{"start":{"line":91,"column":33},"end":{"line":97,"column":3}}},"9":{"name":"(anonymous_9)","decl":{"start":{"line":92,"column":8},"end":{"line":92,"column":9}},"loc":{"start":{"line":92,"column":20},"end":{"line":96,"column":6}}},"10":{"name":"(anonymous_10)","decl":{"start":{"line":93,"column":47},"end":{"line":93,"column":48}},"loc":{"start":{"line":94,"column":8},"end":{"line":94,"column":56}}},"11":{"name":"(anonymous_11)","decl":{"start":{"line":99,"column":16},"end":{"line":99,"column":19}},"loc":{"start":{"line":99,"column":22},"end":{"line":99,"column":72}}},"12":{"name":"(anonymous_12)","decl":{"start":{"line":101,"column":17},"end":{"line":101,"column":18}},"loc":{"start":{"line":101,"column":28},"end":{"line":101,"column":54}}},"13":{"name":"(anonymous_13)","decl":{"start":{"line":103,"column":19},"end":{"line":103,"column":20}},"loc":{"start":{"line":103,"column":29},"end":{"line":103,"column":56}}},"14":{"name":"(anonymous_14)","decl":{"start":{"line":105,"column":20},"end":{"line":105,"column":21}},"loc":{"start":{"line":105,"column":28},"end":{"line":105,"column":56}}},"15":{"name":"(anonymous_15)","decl":{"start":{"line":107,"column":24},"end":{"line":107,"column":27}},"loc":{"start":{"line":107,"column":30},"end":{"line":107,"column":60}}}},"branchMap":{"0":{"loc":{"start":{"line":41,"column":8},"end":{"line":44,"column":99}},"type":"binary-expr","locations":[{"start":{"line":41,"column":8},"end":{"line":41,"column":18}},{"start":{"line":42,"column":8},"end":{"line":42,"column":31}},{"start":{"line":43,"column":8},"end":{"line":43,"column":86}},{"start":{"line":44,"column":8},"end":{"line":44,"column":99}}]},"1":{"loc":{"start":{"line":47,"column":4},"end":{"line":74,"column":5}},"type":"if","locations":[{"start":{"line":47,"column":4},"end":{"line":74,"column":5}},{"start":{"line":59,"column":11},"end":{"line":74,"column":5}}]},"2":{"loc":{"start":{"line":50,"column":8},"end":{"line":56,"column":13}},"type":"cond-expr","locations":[{"start":{"line":51,"column":12},"end":{"line":55,"column":null}},{"start":{"line":56,"column":12},"end":{"line":56,"column":13}}]},"3":{"loc":{"start":{"line":80,"column":8},"end":{"line":86,"column":13}},"type":"cond-expr","locations":[{"start":{"line":81,"column":12},"end":{"line":85,"column":null}},{"start":{"line":86,"column":12},"end":{"line":86,"column":13}}]},"4":{"loc":{"start":{"line":94,"column":8},"end":{"line":94,"column":56}},"type":"cond-expr","locations":[{"start":{"line":94,"column":27},"end":{"line":94,"column":52}},{"start":{"line":94,"column":55},"end":{"line":94,"column":56}}]}},"s":{"0":1,"1":1,"2":1,"3":2,"4":23,"5":23,"6":98,"7":23,"8":1,"9":1,"10":1,"11":22,"12":22,"13":0,"14":0,"15":0,"16":0,"17":0,"18":0,"19":1,"20":1,"21":0,"22":1,"23":1},"f":{"0":1,"1":2,"2":23,"3":98,"4":1,"5":0,"6":0,"7":0,"8":0,"9":0,"10":0,"11":1,"12":1,"13":0,"14":1,"15":1},"b":{"0":[98,98,98,96],"1":[1,22],"2":[1,0],"3":[0,0],"4":[0,0]}}
}
