TN:
SF:src\constants\micConfig.ts
FNF:0
FNH:0
DA:3,1
DA:47,1
DA:56,1
LF:3
LH:3
BRF:0
BRH:0
end_of_record
TN:
SF:src\core\audio\FFTProcessor.ts
FN:16,(anonymous_0)
FN:41,(anonymous_1)
FN:54,(anonymous_2)
FN:68,(anonymous_3)
FN:81,(anonymous_4)
FN:96,(anonymous_5)
FN:102,(anonymous_6)
FN:134,(anonymous_7)
FN:143,(anonymous_8)
FNF:9
FNH:9
FNDA:20,(anonymous_0)
FNDA:113,(anonymous_1)
FNDA:110,(anonymous_2)
FNDA:2,(anonymous_3)
FNDA:3,(anonymous_4)
FNDA:1200,(anonymous_5)
FNDA:110,(anonymous_6)
FNDA:214272,(anonymous_7)
FNDA:5,(anonymous_8)
DA:9,2
DA:17,20
DA:18,3
DA:20,17
DA:21,17
DA:24,17
DA:25,17
DA:26,17
DA:27,7168
DA:28,7168
DA:32,17
DA:33,17
DA:34,14336
DA:42,113
DA:43,113
DA:44,113
DA:45,215040
DA:47,113
DA:55,110
DA:56,110
DA:58,110
DA:59,110
DA:60,107246
DA:62,110
DA:69,2
DA:70,2
DA:71,2
DA:72,258
DA:74,2
DA:82,3
DA:83,3
DA:85,3
DA:86,1655
DA:92,243
DA:96,1200
DA:103,110
DA:104,110
DA:105,110
DA:108,110
DA:109,214272
DA:113,110
DA:114,1193
DA:115,1193
DA:117,1193
DA:118,214162
DA:119,1175552
DA:120,1175552
DA:121,1175552
DA:123,1175552
DA:124,1175552
DA:125,1175552
DA:126,1175552
DA:131,110
DA:135,214272
DA:136,214272
DA:137,2351104
DA:138,2351104
DA:140,214272
DA:144,5
LF:59
LH:59
BRDA:16,0,0,1
BRDA:17,1,0,3
BRDA:17,1,1,17
BRDA:81,2,0,0
BRDA:86,3,0,243
BRDA:86,3,1,1412
BRDA:87,4,0,1655
BRDA:87,4,1,615
BRDA:87,4,2,412
BRDA:87,4,3,290
BRF:10
BRH:9
end_of_record
TN:
SF:src\core\audio\MelSpectrogram.ts
FN:20,(anonymous_0)
FN:45,(anonymous_1)
FN:67,(anonymous_2)
FN:85,(anonymous_3)
FN:86,(anonymous_4)
FN:105,(anonymous_5)
FN:106,(anonymous_6)
FN:111,(anonymous_7)
FN:115,(anonymous_8)
FN:119,(anonymous_9)
FN:165,(anonymous_10)
FNF:11
FNH:9
FNDA:2,(anonymous_0)
FNDA:109,(anonymous_1)
FNDA:4,(anonymous_2)
FNDA:6,(anonymous_3)
FNDA:528,(anonymous_4)
FNDA:0,(anonymous_5)
FNDA:0,(anonymous_6)
FNDA:4,(anonymous_7)
FNDA:260,(anonymous_8)
FNDA:2,(anonymous_9)
FNDA:2,(anonymous_10)
DA:10,2
DA:28,2
DA:29,2
DA:30,2
DA:31,2
DA:32,2
DA:33,2
DA:36,2
DA:39,2
DA:46,109
DA:48,109
DA:49,13952
DA:50,13952
DA:51,13952
DA:52,14300800
DA:53,14300800
DA:57,13952
DA:60,109
DA:68,4
DA:70,4
DA:71,120
DA:72,120
DA:73,120
DA:74,15360
DA:76,120
DA:79,4
DA:86,528
DA:87,6
DA:88,6
DA:89,528
DA:91,6
DA:92,6
DA:94,6
DA:95,6
DA:96,528
DA:98,6
DA:106,0
DA:112,4
DA:116,260
DA:120,2
DA:121,2
DA:122,2
DA:125,2
DA:126,2
DA:127,260
DA:131,2
DA:132,2
DA:133,260
DA:134,260
DA:138,2
DA:139,2
DA:140,256
DA:141,256
DA:142,256
DA:143,256
DA:146,256
DA:147,718
DA:148,718
DA:153,256
DA:154,986
DA:155,980
DA:159,256
DA:162,2
DA:166,2
DA:167,2
DA:168,60
DA:169,60
DA:170,7680
DA:172,60
DA:174,2
LF:70
LH:69
BRDA:21,0,0,0
BRDA:22,1,0,0
BRDA:23,2,0,0
BRDA:24,3,0,0
BRDA:25,4,0,0
BRDA:26,5,0,1
BRDA:52,6,0,14300800
BRDA:52,6,1,0
BRDA:146,7,0,974
BRDA:146,7,1,718
BRDA:147,8,0,718
BRDA:147,8,1,0
BRDA:153,9,0,1242
BRDA:153,9,1,986
BRDA:154,10,0,980
BRDA:154,10,1,6
BRF:16
BRH:9
end_of_record
TN:
SF:src\core\detection\DOAEstimator.ts
FN:19,(anonymous_0)
FN:36,(anonymous_1)
FN:81,(anonymous_2)
FN:97,(anonymous_3)
FNF:4
FNH:4
FNDA:1,(anonymous_0)
FNDA:6,(anonymous_1)
FNDA:4,(anonymous_2)
FNDA:3,(anonymous_3)
DA:14,1
DA:24,1
DA:25,1
DA:26,1
DA:37,6
DA:40,6
DA:41,6
DA:42,6
DA:44,6
DA:45,198
DA:46,198
DA:48,198
DA:49,160512
DA:50,160512
DA:51,158880
DA:52,158880
DA:56,198
DA:58,198
DA:59,78
DA:60,78
DA:65,6
DA:66,6
DA:67,6
DA:68,6
DA:70,6
DA:82,4
DA:83,4
DA:84,4
DA:85,4
DA:100,3
DA:101,3
DA:102,3
LF:32
LH:32
BRDA:20,0,0,0
BRDA:21,1,0,0
BRDA:22,2,0,0
BRDA:50,3,0,158880
BRDA:50,3,1,1632
BRDA:50,4,0,160512
BRDA:50,4,1,159696
BRDA:56,5,0,198
BRDA:56,5,1,0
BRDA:58,6,0,78
BRDA:58,6,1,120
BRDA:83,7,0,1
BRDA:83,7,1,3
BRDA:84,8,0,1
BRDA:84,8,1,3
BRF:15
BRH:11
end_of_record
TN:
SF:src\core\detection\KalmanFilter.ts
FN:20,(anonymous_0)
FN:29,(anonymous_1)
FN:47,(anonymous_2)
FN:81,(anonymous_3)
FN:119,(anonymous_4)
FN:133,(anonymous_5)
FN:149,(anonymous_6)
FNF:7
FNH:7
FNDA:15,(anonymous_0)
FNDA:15,(anonymous_1)
FNDA:35,(anonymous_2)
FNDA:33,(anonymous_3)
FNDA:132,(anonymous_4)
FNDA:4,(anonymous_5)
FNDA:4,(anonymous_6)
DA:12,2
DA:21,15
DA:22,15
DA:23,15
DA:30,15
DA:48,35
DA:49,35
DA:50,35
DA:54,35
DA:55,35
DA:60,35
DA:68,35
DA:75,35
DA:82,33
DA:83,33
DA:86,33
DA:87,33
DA:90,33
DA:91,33
DA:92,33
DA:93,33
DA:96,33
DA:97,33
DA:99,33
DA:100,33
DA:101,33
DA:102,33
DA:105,33
DA:113,33
DA:114,33
DA:115,33
DA:116,33
DA:119,132
DA:120,33
DA:121,132
DA:122,528
DA:126,33
DA:134,4
DA:135,4
DA:137,4
DA:140,3
DA:141,3
DA:143,2
DA:150,4
DA:151,4
LF:45
LH:45
BRDA:20,0,0,7
BRDA:20,1,0,9
BRDA:20,2,0,10
BRDA:97,3,0,0
BRDA:97,3,1,33
BRDA:137,4,0,1
BRDA:137,4,1,3
BRDA:141,5,0,1
BRDA:141,5,1,2
BRF:9
BRH:8
end_of_record
TN:
SF:src\core\ml\ModelManager.ts
FN:30,(anonymous_0)
FN:45,(anonymous_1)
FN:70,(anonymous_2)
FN:97,(anonymous_3)
FN:101,(anonymous_4)
FN:105,(anonymous_5)
FN:111,(anonymous_6)
FN:120,(anonymous_7)
FN:122,(anonymous_8)
FN:144,(anonymous_9)
FN:159,(anonymous_10)
FNF:11
FNH:11
FNDA:13,(anonymous_0)
FNDA:11,(anonymous_1)
FNDA:9,(anonymous_2)
FNDA:1,(anonymous_3)
FNDA:3,(anonymous_4)
FNDA:1,(anonymous_5)
FNDA:36,(anonymous_6)
FNDA:10,(anonymous_7)
FNDA:10,(anonymous_8)
FNDA:60,(anonymous_9)
FNDA:8,(anonymous_10)
DA:13,2
DA:14,13
DA:15,13
DA:16,13
DA:17,13
DA:20,2
DA:21,2
DA:31,13
DA:46,11
DA:48,10
DA:49,10
DA:51,10
DA:54,10
DA:56,10
DA:57,10
DA:59,0
DA:60,0
DA:61,0
DA:71,9
DA:72,1
DA:75,8
DA:76,8
DA:78,8
DA:81,8
DA:83,8
DA:84,8
DA:86,8
DA:87,8
DA:89,0
DA:90,0
DA:98,1
DA:102,3
DA:106,1
DA:112,36
DA:113,36
DA:122,10
DA:126,10
DA:127,10
DA:128,10
DA:131,10
DA:133,10
DA:135,10
DA:137,10
DA:139,10
DA:141,10
DA:145,60
DA:146,60
DA:147,60
DA:149,5480
DA:150,5480
DA:151,5480
DA:160,8
DA:163,8
DA:164,8
DA:165,148
DA:166,18944
DA:171,8
DA:172,8
DA:174,8
DA:175,48
DA:176,48
DA:177,48
DA:178,48
DA:180,48
DA:181,6144
DA:182,6144
DA:183,6144
DA:186,48
DA:187,48
DA:188,48
DA:189,48
DA:193,8
DA:194,8
DA:195,8
DA:196,48
DA:197,48
DA:198,48
DA:201,8
DA:202,8
DA:203,48
DA:206,8
LF:81
LH:76
BRDA:46,0,0,1
BRDA:46,0,1,10
BRDA:46,1,0,11
BRDA:46,1,1,10
BRDA:71,2,0,1
BRDA:71,2,1,8
BRDA:145,3,0,0
BRDA:145,3,1,60
BRDA:147,4,0,5540
BRDA:147,4,1,5480
BRDA:160,5,0,0
BRDA:160,5,1,8
BRDA:189,6,0,14
BRDA:189,6,1,34
BRF:14
BRH:12
end_of_record
TN:
SF:src\stores\detectionStore.ts
FN:25,(anonymous_0)
FN:33,(anonymous_1)
FN:35,(anonymous_2)
FN:40,(anonymous_3)
FN:49,(anonymous_4)
FN:77,(anonymous_5)
FN:78,(anonymous_6)
FN:79,(anonymous_7)
FN:91,(anonymous_8)
FN:92,(anonymous_9)
FN:93,(anonymous_10)
FN:99,(anonymous_11)
FN:101,(anonymous_12)
FN:103,(anonymous_13)
FN:105,(anonymous_14)
FN:107,(anonymous_15)
FNF:16
FNH:9
FNDA:1,(anonymous_0)
FNDA:2,(anonymous_1)
FNDA:23,(anonymous_2)
FNDA:98,(anonymous_3)
FNDA:1,(anonymous_4)
FNDA:0,(anonymous_5)
FNDA:0,(anonymous_6)
FNDA:0,(anonymous_7)
FNDA:0,(anonymous_8)
FNDA:0,(anonymous_9)
FNDA:0,(anonymous_10)
FNDA:1,(anonymous_11)
FNDA:1,(anonymous_12)
FNDA:0,(anonymous_13)
FNDA:1,(anonymous_14)
FNDA:1,(anonymous_15)
DA:1,1
DA:25,1
DA:33,2
DA:36,23
DA:39,23
DA:41,98
DA:47,23
DA:49,1
DA:50,1
DA:58,1
DA:61,22
DA:70,22
DA:78,0
DA:80,0
DA:92,0
DA:94,0
DA:99,1
DA:101,1
DA:103,0
DA:105,1
DA:107,1
LF:21
LH:16
BRDA:41,0,0,98
BRDA:41,0,1,98
BRDA:41,0,2,98
BRDA:41,0,3,96
BRDA:47,1,0,1
BRDA:47,1,1,22
BRDA:50,2,0,1
BRDA:50,2,1,0
BRDA:80,3,0,0
BRDA:80,3,1,0
BRDA:94,4,0,0
BRDA:94,4,1,0
BRF:12
BRH:7
end_of_record
